<?xml version="1.0" encoding="UTF-8"?>
<testng-results skipped="0" failed="0" ignored="0" total="1" passed="1">
  <reporter-output>
  </reporter-output>
  <suite name="Default suite" duration-ms="13281" started-at="2020-10-12T11:18:12Z" finished-at="2020-10-12T11:18:25Z">
    <groups>
      <group name="cucumber">
        <method signature="AbstractTestNGCucumberTests.feature(cucumber.api.testng.CucumberFeatureWrapper)[pri:0, instance:com.nhs.project.TestRunner@2b6faea6]" name="feature" class="cucumber.api.testng.AbstractTestNGCucumberTests"/>
      </group> <!-- cucumber -->
    </groups>
    <test name="Default test" duration-ms="13281" started-at="2020-10-12T11:18:12Z" finished-at="2020-10-12T11:18:25Z">
      <class name="com.nhs.project.TestRunner">
        <test-method status="PASS" signature="setUpClass()[pri:0, instance:com.nhs.project.TestRunner@2b6faea6]" name="setUpClass" is-config="true" duration-ms="257" started-at="2020-10-12T11:18:12Z" finished-at="2020-10-12T11:18:12Z">
          <reporter-output>
          </reporter-output>
        </test-method> <!-- setUpClass -->
        <test-method status="PASS" signature="feature(cucumber.api.testng.CucumberFeatureWrapper)[pri:0, instance:com.nhs.project.TestRunner@2b6faea6]" name="feature" duration-ms="12906" started-at="2020-10-12T11:18:12Z" description="Runs Cucumber Feature" data-provider="features" finished-at="2020-10-12T11:18:25Z">
          <params>
            <param index="0">
              <value>
                <![CDATA[NHS Costs checker End to End journey]]>
              </value>
            </param>
          </params>
          <reporter-output>
          </reporter-output>
        </test-method> <!-- feature -->
        <test-method status="PASS" signature="tearDownClass()[pri:0, instance:com.nhs.project.TestRunner@2b6faea6]" name="tearDownClass" is-config="true" duration-ms="26" started-at="2020-10-12T11:18:25Z" finished-at="2020-10-12T11:18:25Z">
          <reporter-output>
          </reporter-output>
        </test-method> <!-- tearDownClass -->
      </class> <!-- com.nhs.project.TestRunner -->
    </test> <!-- Default test -->
  </suite> <!-- Default suite -->
</testng-results>
