<?xml version="1.0" encoding="UTF-8"?>
<testng-results skipped="0" failed="0" ignored="0" total="1" passed="1">
  <reporter-output>
  </reporter-output>
  <suite name="Surefire suite" duration-ms="13375" started-at="2023-03-30T17:58:14Z" finished-at="2023-03-30T17:58:27Z">
    <groups>
      <group name="cucumber">
        <method signature="AbstractTestNGCucumberTests.feature(cucumber.api.testng.CucumberFeatureWrapper)[pri:0, instance:com.nhs.project.TestRunner@3fb6a447]" name="feature" class="cucumber.api.testng.AbstractTestNGCucumberTests"/>
      </group> <!-- cucumber -->
    </groups>
    <test name="Surefire test" duration-ms="13375" started-at="2023-03-30T17:58:14Z" finished-at="2023-03-30T17:58:27Z">
      <class name="com.nhs.project.TestRunner">
        <test-method status="PASS" signature="setUpClass()[pri:0, instance:com.nhs.project.TestRunner@3fb6a447]" name="setUpClass" is-config="true" duration-ms="262" started-at="2023-03-30T17:58:14Z" finished-at="2023-03-30T17:58:14Z">
          <reporter-output>
          </reporter-output>
        </test-method> <!-- setUpClass -->
        <test-method status="PASS" signature="feature(cucumber.api.testng.CucumberFeatureWrapper)[pri:0, instance:com.nhs.project.TestRunner@3fb6a447]" name="feature" duration-ms="12979" started-at="2023-03-30T17:58:14Z" description="Runs Cucumber Feature" data-provider="features" finished-at="2023-03-30T17:58:27Z">
          <params>
            <param index="0">
              <value>
                <![CDATA[NHS checker End to End journey]]>
              </value>
            </param>
          </params>
          <reporter-output>
          </reporter-output>
        </test-method> <!-- feature -->
        <test-method status="PASS" signature="tearDownClass()[pri:0, instance:com.nhs.project.TestRunner@3fb6a447]" name="tearDownClass" is-config="true" duration-ms="34" started-at="2023-03-30T17:58:27Z" finished-at="2023-03-30T17:58:27Z">
          <reporter-output>
          </reporter-output>
        </test-method> <!-- tearDownClass -->
      </class> <!-- com.nhs.project.TestRunner -->
    </test> <!-- Surefire test -->
  </suite> <!-- Surefire suite -->
</testng-results>
